2025-05-16T15:24:49.184Z - GET /todo
2025-05-16T15:24:59.130Z - GET /todo
2025-05-16T15:25:32.798Z - GET /todo
2025-05-16T15:26:10.717Z - GET /.well-known/appspecific/com.chrome.devtools.json
2025-05-16T15:36:11.430Z - GET /todo
2025-05-16T15:36:24.057Z - GET /todo/
2025-05-16T15:39:45.936Z - GET /todo/
2025-05-16T15:39:47.577Z - GET /todo/
2025-05-16T15:39:48.492Z - GET /todo/
2025-05-16T15:39:49.177Z - GET /todo/
2025-05-16T15:41:30.273Z - GET /
2025-05-16T15:46:23.758Z - GET /api/todos
2025-05-17T16:56:22.989Z - GET /
2025-05-17T16:57:32.787Z - GET /
2025-05-17T16:57:33.454Z - GET /
2025-05-17T16:57:33.514Z - GET /properties/description.dhtml
2025-05-17T16:57:33.567Z - GET /properties/configuration.php?tab=Status
2025-05-17T16:57:33.627Z - GET /header.php?tab=status
2025-05-17T16:57:34.108Z - GET /
2025-05-17T16:57:34.169Z - GET /
2025-05-17T16:57:34.314Z - HEAD /
2025-05-17T16:57:34.373Z - HEAD /
2025-05-17T16:57:34.714Z - GET /
2025-05-17T16:57:34.760Z - GET /
2025-05-17T16:57:34.807Z - GET /
2025-05-17T16:57:35.123Z - GET /
2025-05-17T16:57:35.173Z - GET /
2025-05-17T16:57:35.459Z - GET /
2025-05-17T16:57:35.534Z - GET /login.html
2025-05-17T16:57:35.843Z - GET /
2025-05-17T16:57:35.903Z - GET /Home.do
2025-05-17T16:57:36.217Z - GET /
2025-05-17T16:57:36.266Z - GET //
2025-05-17T16:57:36.492Z - GET /intruvert/jsp/admin/Login.jsp
2025-05-17T16:57:36.668Z - GET /commoncgi/servlet/CCGIServlet?ApHost=PDT_InterScan_NT&CGIAlias=PDT_InterScan_NT&File=logout.htm
2025-05-17T16:57:37.049Z - GET /xmldata?item=All
2025-05-17T16:57:37.098Z - GET /upnp/BasicDevice.xml
2025-05-17T16:57:37.164Z - GET /
2025-05-17T16:57:37.909Z - GET /
2025-05-17T16:57:37.968Z - GET /robots.txt
2025-05-17T16:57:38.029Z - GET /sitemap.xml
2025-05-17T16:57:38.077Z - GET /.cobalt
2025-05-17T16:57:38.126Z - GET /admin.back
2025-05-17T16:57:38.175Z - GET /file
2025-05-17T16:57:38.228Z - GET /wavemaster.internal
2025-05-17T16:57:38.871Z - GET /
2025-05-17T16:57:38.956Z - GET /
2025-05-17T16:57:39.161Z - GET /MSWSMTP/Common/Authentication/Logon.aspx
2025-05-17T16:57:41.163Z - GET /f7hStY75JUUJ.html
2025-05-17T16:57:41.193Z - GET /f7hStY75JUUJ.cgi
2025-05-17T16:57:41.225Z - GET /f7hStY75JUUJ.sh
2025-05-17T16:57:41.256Z - GET /f7hStY75JUUJ.pl
2025-05-17T16:57:41.290Z - GET /f7hStY75JUUJ.inc
2025-05-17T16:57:41.329Z - GET /f7hStY75JUUJ.shtml
2025-05-17T16:57:41.365Z - GET /f7hStY75JUUJ.asp
2025-05-17T16:57:41.404Z - GET /f7hStY75JUUJ.php
2025-05-17T16:57:41.435Z - GET /f7hStY75JUUJ.php3
2025-05-17T16:57:41.465Z - GET /f7hStY75JUUJ.cfm
2025-05-17T16:57:41.497Z - GET /cgi-bin/f7hStY75JUUJ.html
2025-05-17T16:57:41.528Z - GET /cgi-bin/f7hStY75JUUJ.cgi
2025-05-17T16:57:41.561Z - GET /cgi-bin/f7hStY75JUUJ.sh
2025-05-17T16:57:41.592Z - GET /cgi-bin/f7hStY75JUUJ.pl
2025-05-17T16:57:41.624Z - GET /cgi-bin/f7hStY75JUUJ.inc
2025-05-17T16:57:41.654Z - GET /cgi-bin/f7hStY75JUUJ.shtml
2025-05-17T16:57:41.686Z - GET /cgi-bin/f7hStY75JUUJ.asp
2025-05-17T16:57:41.715Z - GET /cgi-bin/f7hStY75JUUJ.php
2025-05-17T16:57:41.744Z - GET /cgi-bin/f7hStY75JUUJ.php3
2025-05-17T16:57:41.776Z - GET /cgi-bin/f7hStY75JUUJ.cfm
2025-05-17T16:57:41.807Z - GET /scripts/f7hStY75JUUJ.html
2025-05-17T16:57:41.839Z - GET /scripts/f7hStY75JUUJ.cgi
2025-05-17T16:57:41.872Z - GET /scripts/f7hStY75JUUJ.sh
2025-05-17T16:57:41.901Z - GET /scripts/f7hStY75JUUJ.pl
2025-05-17T16:57:41.930Z - GET /scripts/f7hStY75JUUJ.inc
2025-05-17T16:57:41.961Z - GET /scripts/f7hStY75JUUJ.shtml
2025-05-17T16:57:41.992Z - GET /scripts/f7hStY75JUUJ.asp
2025-05-17T16:57:42.024Z - GET /scripts/f7hStY75JUUJ.php
2025-05-17T16:57:42.055Z - GET /scripts/f7hStY75JUUJ.php3
2025-05-17T16:57:42.087Z - GET /scripts/f7hStY75JUUJ.cfm
2025-05-17T16:57:43.979Z - GET /
2025-05-18T14:06:03.714Z - GET /
2025-05-18T14:06:14.321Z - GET /todo
2025-05-18T14:10:15.236Z - GET /todo
2025-05-18T14:35:21.733Z - GET /
2025-05-18T14:37:04.349Z - GET /
2025-05-18T14:37:05.035Z - GET /
2025-05-18T14:37:50.193Z - GET /
2025-05-18T14:41:48.703Z - GET /todos
2025-05-18T14:41:51.997Z - GET /todos
2025-05-18T15:00:27.830Z - GET /todo-list
2025-05-18T15:13:56.256Z - GET /todos
2025-05-18T15:13:57.473Z - GET /todos
2025-05-18T15:13:58.196Z - GET /todos
2025-05-18T15:13:58.832Z - GET /todos
2025-05-18T15:13:59.084Z - GET /todos
2025-05-18T15:14:00.249Z - GET /todos
2025-05-18T15:14:03.762Z - GET /
2025-05-18T15:14:10.853Z - GET /todos
2025-05-18T15:15:24.834Z - GET /todos
2025-05-18T15:15:28.410Z - GET /
2025-05-18T15:15:28.901Z - GET /
2025-05-18T15:15:32.614Z - GET /todos
2025-05-18T15:17:21.890Z - GET /
2025-05-18T15:17:25.444Z - GET /todos
2025-05-18T15:17:31.153Z - GET /todo
2025-05-18T15:17:35.824Z - GET /todos
2025-05-18T15:35:52.097Z - GET /todos
2025-05-18T15:35:55.443Z - GET /
2025-05-18T15:35:55.923Z - GET /
2025-05-18T15:35:58.815Z - GET /todos
2025-05-18T15:36:39.833Z - GET /todo-list
2025-05-18T15:37:05.046Z - POST /todos
2025-05-18T15:37:41.821Z - GET /todo-list
2025-05-18T15:37:53.921Z - POST /todos
2025-05-18T15:44:11.053Z - GET /todo-list
2025-05-18T15:44:13.533Z - PUT /todos/1?_method=PUT
2025-05-18T15:44:13.540Z - GET /todo-list
2025-05-18T15:44:14.585Z - PUT /todos/1?_method=PUT
2025-05-18T15:44:14.590Z - GET /todo-list
2025-05-18T15:44:15.265Z - PUT /todos/1?_method=PUT
2025-05-18T15:44:15.275Z - GET /todo-list
2025-05-18T15:44:16.449Z - DELETE /todos/1?_method=DELETE
2025-05-18T15:44:16.460Z - GET /todo-list
2025-05-18T15:44:18.462Z - PUT /todos/2?_method=PUT
2025-05-18T15:44:18.477Z - GET /todo-list
2025-05-18T15:44:19.156Z - PUT /todos/2?_method=PUT
2025-05-18T15:44:19.165Z - GET /todo-list
2025-05-18T15:44:19.801Z - PUT /todos/2?_method=PUT
2025-05-18T15:44:19.813Z - GET /todo-list
2025-05-18T15:44:20.674Z - DELETE /todos/2?_method=DELETE
2025-05-18T15:44:20.684Z - GET /todo-list
2025-05-18T15:44:33.134Z - POST /todos
2025-05-18T15:44:36.276Z - POST /todos
2025-05-18T15:44:48.344Z - GET /
2025-05-18T15:44:57.362Z - GET /todo-list
2025-05-18T15:45:24.574Z - PUT /todos/2?_method=PUT
2025-05-18T15:45:24.581Z - GET /todo-list
2025-05-18T15:45:29.041Z - PUT /todos/1?_method=PUT
2025-05-18T15:45:29.049Z - GET /todo-list
2025-05-18T15:45:32.835Z - PUT /todos/2?_method=PUT
2025-05-18T15:45:32.843Z - GET /todo-list
2025-05-18T15:45:33.566Z - PUT /todos/2?_method=PUT
2025-05-18T15:45:33.574Z - GET /todo-list
2025-05-18T15:45:34.253Z - PUT /todos/1?_method=PUT
2025-05-18T15:45:34.262Z - GET /todo-list
2025-05-18T15:45:34.892Z - PUT /todos/2?_method=PUT
2025-05-18T15:45:34.902Z - GET /todo-list
2025-05-18T15:45:35.334Z - PUT /todos/1?_method=PUT
2025-05-18T15:45:35.343Z - GET /todo-list
2025-06-09T12:55:31.525Z - GET /
2025-06-09T12:57:22.440Z - GET /
2025-06-09T12:57:24.518Z - GET /favicon.ico
2025-06-09T12:57:40.425Z - POST /todos
2025-06-09T12:57:40.443Z - GET /
2025-06-09T12:57:45.240Z - PUT /todos/6846da44e3e3034f3de91af2?_method=PUT
2025-06-09T12:57:45.253Z - GET /
